[PLTR] 06-13 02:10 PM
       High: 139.58 | Close: 138.10
       Drop: -1.06% | Above sma10: no
[SPY] 06-13 02:10 PM
       High: 600.72 | Close: 598.79
       Drop: -0.32% | Above sma10: no
[PLTR] 06-13 02:11 PM
       High: 139.48 | Close: 138.20
       Drop: -0.92% | Above sma10: no
[SPY] 06-13 02:11 PM
       High: 600.72 | Close: 598.89
       Drop: -0.30% | Above sma10: no
[PLTR] 06-13 02:12 PM
       High: 139.48 | Close: 138.37
       Drop: -0.80% | Above sma10: yes
[SPY] 06-13 02:12 PM
       High: 600.72 | Close: 599.07
       Drop: -0.27% | Above sma10: yes
[PLTR] 06-13 02:13 PM
       High: 139.48 | Close: 138.38
       Drop: -0.79% | Above sma10: yes
[SPY] 06-13 02:13 PM
       High: 600.72 | Close: 598.97
       Drop: -0.29% | Above sma10: yes
[PLTR] 06-13 02:14 PM
       High: 139.48 | Close: 138.15
       Drop: -0.96% | Above sma10: no
[SPY] 06-13 02:14 PM
       High: 600.72 | Close: 598.62
       Drop: -0.35% | Above sma10: no
[AI] 06-13 02:15 PM
       High: 24.02 | Close: 23.80
       Drop: -0.92% | Above sma10: no
[RIOT] 06-13 02:15 PM
       High: 9.75 | Close: 9.62
       Drop: -1.33% | Above sma10: no
[COIN] 06-13 02:15 PM
       High: 241.79 | Close: 239.20
       Drop: -1.07% | Above sma10: no
[SHOP] 06-13 02:15 PM
       High: 106.75 | Close: 106.02
       Drop: -0.68% | Above sma10: no
[SOXL] 06-13 02:15 PM
       High: 20.84 | Close: 20.41
       Drop: -2.06% | Above sma10: no
[TSLA] 06-13 02:15 PM
       High: 332.99 | Close: 328.17
       Drop: -1.45% | Above sma10: no
[PLTR] 06-13 02:15 PM
       High: 139.48 | Close: 138.15
       Drop: -0.95% | Above sma10: no
[RIVN] 06-13 02:15 PM
       High: 13.62 | Close: 13.49
       Drop: -0.92% | Above sma10: no
[HIMS] 06-13 02:15 PM
       High: 56.71 | Close: 56.22
       Drop: -0.87% | Above sma10: no
[HOOD] 06-13 02:15 PM
       High: 73.79 | Close: 72.94
       Drop: -1.15% | Above sma10: no
[SOFI] 06-13 02:15 PM
       High: 14.28 | Close: 14.10
       Drop: -1.26% | Above sma10: no
[MARA] 06-13 02:15 PM
       High: 14.96 | Close: 14.74
       Drop: -1.47% | Above sma10: no
[LABU] 06-13 02:15 PM
       High: 59.69 | Close: 58.74
       Drop: -1.59% | Above sma10: no
[SHOP] 06-13 02:16 PM
       High: 106.75 | Close: 105.97
       Drop: -0.73% | Above sma10: no
[PLTR] 06-13 02:16 PM
       High: 139.48 | Close: 137.89
       Drop: -1.14% | Above sma10: no
[RIOT] 06-13 02:16 PM
       High: 9.75 | Close: 9.60
       Drop: -1.54% | Above sma10: no
[RIVN] 06-13 02:16 PM
       High: 13.62 | Close: 13.48
       Drop: -0.99% | Above sma10: no
[SOXL] 06-13 02:16 PM
       High: 20.84 | Close: 20.37
       Drop: -2.26% | Above sma10: no
[HIMS] 06-13 02:16 PM
       High: 56.71 | Close: 56.18
       Drop: -0.93% | Above sma10: no
[AI] 06-13 02:16 PM
       High: 24.02 | Close: 23.79
       Drop: -0.98% | Above sma10: no
[TSLA] 06-13 02:16 PM
       High: 332.99 | Close: 327.71
       Drop: -1.59% | Above sma10: no
[MARA] 06-13 02:16 PM
       High: 14.96 | Close: 14.72
       Drop: -1.57% | Above sma10: no
[HOOD] 06-13 02:16 PM
       High: 73.79 | Close: 72.82
       Drop: -1.31% | Above sma10: no
[COIN] 06-13 02:17 PM
       High: 241.79 | Close: 239.01
       Drop: -1.15% | Above sma10: no
[HIMS] 06-13 02:17 PM
       High: 56.71 | Close: 56.22
       Drop: -0.86% | Above sma10: no
[PLTR] 06-13 02:17 PM
       High: 139.48 | Close: 137.99
       Drop: -1.07% | Above sma10: no
[AI] 06-13 02:17 PM
       High: 24.02 | Close: 23.80
       Drop: -0.94% | Above sma10: no
[SHOP] 06-13 02:17 PM
       High: 106.75 | Close: 106.09
       Drop: -0.62% | Above sma10: no
[MARA] 06-13 02:17 PM
       High: 14.96 | Close: 14.73
       Drop: -1.54% | Above sma10: no
[RIVN] 06-13 02:17 PM
       High: 13.62 | Close: 13.49
       Drop: -0.92% | Above sma10: no
[TSLA] 06-13 02:17 PM
       High: 332.99 | Close: 327.94
       Drop: -1.52% | Above sma10: no
[RIOT] 06-13 02:17 PM
       High: 9.75 | Close: 9.61
       Drop: -1.44% | Above sma10: no
[SOFI] 06-13 02:17 PM
       High: 14.28 | Close: 14.11
       Drop: -1.19% | Above sma10: no
[SOXL] 06-13 02:17 PM
       High: 20.84 | Close: 20.38
       Drop: -2.21% | Above sma10: no
[HOOD] 06-13 02:17 PM
       High: 73.79 | Close: 72.88
       Drop: -1.23% | Above sma10: no
[RIVN] 06-13 02:18 PM
       High: 13.62 | Close: 13.48
       Drop: -0.95% | Above sma10: no
[SHOP] 06-13 02:18 PM
       High: 106.75 | Close: 106.00
       Drop: -0.70% | Above sma10: no
[SOXL] 06-13 02:18 PM
       High: 20.84 | Close: 20.34
       Drop: -2.40% | Above sma10: no
[AI] 06-13 02:18 PM
       High: 24.02 | Close: 23.79
       Drop: -0.98% | Above sma10: no
[PLTR] 06-13 02:18 PM
       High: 139.48 | Close: 137.90
       Drop: -1.13% | Above sma10: no
[HIMS] 06-13 02:18 PM
       High: 56.71 | Close: 56.09
       Drop: -1.10% | Above sma10: no
[TSLA] 06-13 02:18 PM
       High: 332.99 | Close: 327.63
       Drop: -1.61% | Above sma10: no
[HOOD] 06-13 02:18 PM
       High: 73.79 | Close: 72.83
       Drop: -1.30% | Above sma10: no
[RIOT] 06-13 02:18 PM
       High: 9.75 | Close: 9.61
       Drop: -1.49% | Above sma10: no
[MARA] 06-13 02:18 PM
       High: 14.96 | Close: 14.71
       Drop: -1.64% | Above sma10: no
[HIMS] 06-13 02:19 PM
       High: 56.71 | Close: 56.20
       Drop: -0.90% | Above sma10: no
[MARA] 06-13 02:19 PM
       High: 14.96 | Close: 14.74
       Drop: -1.47% | Above sma10: no
[SOFI] 06-13 02:19 PM
       High: 14.28 | Close: 14.10
       Drop: -1.26% | Above sma10: no
[TSLA] 06-13 02:19 PM
       High: 332.99 | Close: 328.39
       Drop: -1.38% | Above sma10: no
[RIOT] 06-13 02:19 PM
       High: 9.75 | Close: 9.61
       Drop: -1.44% | Above sma10: no
[PLTR] 06-13 02:19 PM
       High: 139.48 | Close: 138.04
       Drop: -1.03% | Above sma10: no
[AI] 06-13 02:19 PM
       High: 24.02 | Close: 23.80
       Drop: -0.94% | Above sma10: no
[SOXL] 06-13 02:19 PM
       High: 20.84 | Close: 20.41
       Drop: -2.06% | Above sma10: no
[SHOP] 06-13 02:19 PM
       High: 106.75 | Close: 106.13
       Drop: -0.58% | Above sma10: yes
[RIVN] 06-13 02:19 PM
       High: 13.62 | Close: 13.49
       Drop: -0.88% | Above sma10: no
[HOOD] 06-13 02:19 PM
       High: 73.79 | Close: 72.90
       Drop: -1.21% | Above sma10: no
[COIN] 06-13 02:19 PM
       High: 241.79 | Close: 239.18
       Drop: -1.08% | Above sma10: no
[SOXL] 06-13 02:20 PM
       High: 20.84 | Close: 20.41
       Drop: -2.06% | Above sma10: no
[RIOT] 06-13 02:20 PM
       High: 9.75 | Close: 9.61
       Drop: -1.44% | Above sma10: no
[AI] 06-13 02:20 PM
       High: 24.02 | Close: 23.81
       Drop: -0.89% | Above sma10: no
[COIN] 06-13 02:20 PM
       High: 241.79 | Close: 239.24
       Drop: -1.06% | Above sma10: no
[MARA] 06-13 02:20 PM
       High: 14.96 | Close: 14.71
       Drop: -1.64% | Above sma10: no
[SOFI] 06-13 02:20 PM
       High: 14.28 | Close: 14.11
       Drop: -1.19% | Above sma10: no
[RIVN] 06-13 02:20 PM
       High: 13.62 | Close: 13.48
       Drop: -0.99% | Above sma10: no
[TSLA] 06-13 02:20 PM
       High: 332.99 | Close: 328.03
       Drop: -1.49% | Above sma10: no
[HOOD] 06-13 02:20 PM
       High: 73.79 | Close: 72.93
       Drop: -1.17% | Above sma10: no
[SHOP] 06-13 02:20 PM
       High: 106.75 | Close: 106.07
       Drop: -0.64% | Above sma10: no
[PLTR] 06-13 02:20 PM
       High: 139.48 | Close: 137.94
       Drop: -1.10% | Above sma10: no
[TSLA] 06-13 02:21 PM
       High: 332.99 | Close: 327.79
       Drop: -1.56% | Above sma10: no
[HOOD] 06-13 02:21 PM
       High: 73.79 | Close: 72.83
       Drop: -1.30% | Above sma10: no
[HIMS] 06-13 02:21 PM
       High: 56.71 | Close: 56.06
       Drop: -1.14% | Above sma10: no
[SHOP] 06-13 02:21 PM
       High: 106.75 | Close: 106.00
       Drop: -0.70% | Above sma10: no
[SOXL] 06-13 02:21 PM
       High: 20.84 | Close: 20.36
       Drop: -2.30% | Above sma10: no
[AI] 06-13 02:21 PM
       High: 24.02 | Close: 23.80
       Drop: -0.94% | Above sma10: no
[PLTR] 06-13 02:21 PM
       High: 139.48 | Close: 137.88
       Drop: -1.15% | Above sma10: no
[RIOT] 06-13 02:21 PM
       High: 9.75 | Close: 9.59
       Drop: -1.64% | Above sma10: no
[MARA] 06-13 02:21 PM
       High: 14.96 | Close: 14.72
       Drop: -1.60% | Above sma10: no
[HOOD] 06-13 02:22 PM
       High: 73.70 | Close: 72.63
       Drop: -1.45% | Above sma10: no
[PLTR] 06-13 02:22 PM
       High: 139.45 | Close: 137.76
       Drop: -1.21% | Above sma10: no
[SOXL] 06-13 02:22 PM
       High: 20.80 | Close: 20.34
       Drop: -2.21% | Above sma10: no
[AI] 06-13 02:22 PM
       High: 24.01 | Close: 23.78
       Drop: -0.96% | Above sma10: no
[MARA] 06-13 02:22 PM
       High: 14.96 | Close: 14.71
       Drop: -1.64% | Above sma10: no
[SHOP] 06-13 02:22 PM
       High: 106.75 | Close: 105.96
       Drop: -0.74% | Above sma10: no
[TSLA] 06-13 02:22 PM
       High: 332.99 | Close: 328.04
       Drop: -1.49% | Above sma10: no
[HIMS] 06-13 02:22 PM
       High: 56.71 | Close: 56.01
       Drop: -1.23% | Above sma10: no
[SOFI] 06-13 02:22 PM
       High: 14.28 | Close: 14.09
       Drop: -1.33% | Above sma10: no
[HOOD] 06-13 02:23 PM
       High: 73.65 | Close: 72.75
       Drop: -1.22% | Above sma10: no
[COIN] 06-13 02:23 PM
       High: 241.79 | Close: 238.87
       Drop: -1.21% | Above sma10: no
[SOXL] 06-13 02:23 PM
       High: 20.78 | Close: 20.39
       Drop: -1.88% | Above sma10: yes
[RIOT] 06-13 02:23 PM
       High: 9.75 | Close: 9.63
       Drop: -1.23% | Above sma10: yes
[MARA] 06-13 02:23 PM
       High: 14.96 | Close: 14.73
       Drop: -1.54% | Above sma10: yes
[RIVN] 06-13 02:23 PM
       High: 13.62 | Close: 13.48
       Drop: -0.99% | Above sma10: no
[SOFI] 06-13 02:23 PM
       High: 14.28 | Close: 14.11
       Drop: -1.19% | Above sma10: no
[HIMS] 06-13 02:23 PM
       High: 56.71 | Close: 56.05
       Drop: -1.16% | Above sma10: no
[TSLA] 06-13 02:23 PM
       High: 332.99 | Close: 328.49
       Drop: -1.35% | Above sma10: yes
[SHOP] 06-13 02:23 PM
       High: 106.75 | Close: 106.09
       Drop: -0.62% | Above sma10: yes
[PLTR] 06-13 02:23 PM
       High: 139.32 | Close: 137.93
       Drop: -1.00% | Above sma10: no
[HOOD] 06-13 02:24 PM
       High: 73.65 | Close: 72.77
       Drop: -1.19% | Above sma10: no
[SHOP] 06-13 02:24 PM
       High: 106.75 | Close: 106.05
       Drop: -0.66% | Above sma10: yes
[COIN] 06-13 02:24 PM
       High: 241.79 | Close: 239.37
       Drop: -1.00% | Above sma10: yes
[TSLA] 06-13 02:24 PM
       High: 332.99 | Close: 327.91
       Drop: -1.53% | Above sma10: no
[PLTR] 06-13 02:24 PM
       High: 139.32 | Close: 137.92
       Drop: -1.00% | Above sma10: no
[RIOT] 06-13 02:24 PM
       High: 9.75 | Close: 9.63
       Drop: -1.23% | Above sma10: yes
[RIVN] 06-13 02:24 PM
       High: 13.62 | Close: 13.48
       Drop: -0.95% | Above sma10: no
[SOFI] 06-13 02:24 PM
       High: 14.28 | Close: 14.10
       Drop: -1.26% | Above sma10: no
[AI] 06-13 02:24 PM
       High: 23.99 | Close: 23.80
       Drop: -0.81% | Above sma10: no
[SOXL] 06-13 02:24 PM
       High: 20.78 | Close: 20.39
       Drop: -1.88% | Above sma10: yes
[MARA] 06-13 02:24 PM
       High: 14.96 | Close: 14.73
       Drop: -1.54% | Above sma10: yes
[MARA] 06-13 02:25 PM
       High: 14.96 | Close: 14.72
       Drop: -1.57% | Above sma10: yes
[SOFI] 06-13 02:25 PM
       High: 14.26 | Close: 14.10
       Drop: -1.12% | Above sma10: no
[COIN] 06-13 02:25 PM
       High: 241.79 | Close: 239.23
       Drop: -1.06% | Above sma10: no
[HOOD] 06-13 02:25 PM
       High: 73.65 | Close: 72.69
       Drop: -1.30% | Above sma10: no
[SOXL] 06-13 02:25 PM
       High: 20.77 | Close: 20.38
       Drop: -1.88% | Above sma10: yes
[AI] 06-13 02:25 PM
       High: 23.99 | Close: 23.79
       Drop: -0.83% | Above sma10: no
[SHOP] 06-13 02:25 PM
       High: 106.75 | Close: 106.08
       Drop: -0.63% | Above sma10: yes
[PLTR] 06-13 02:25 PM
       High: 139.32 | Close: 137.89
       Drop: -1.03% | Above sma10: no
[RIOT] 06-13 02:25 PM
       High: 9.75 | Close: 9.62
       Drop: -1.33% | Above sma10: yes
[HIMS] 06-13 02:25 PM
       High: 56.71 | Close: 55.88
       Drop: -1.46% | Above sma10: no
[TSLA] 06-13 02:25 PM
       High: 332.99 | Close: 328.19
       Drop: -1.44% | Above sma10: yes
[RIVN] 06-13 02:25 PM
       High: 13.62 | Close: 13.48
       Drop: -0.99% | Above sma10: no
[SHOP] 06-13 02:26 PM
       High: 106.75 | Close: 105.91
       Drop: -0.79% | Above sma10: no
[MARA] 06-13 02:26 PM
       High: 14.96 | Close: 14.68
       Drop: -1.91% | Above sma10: no
[SOXL] 06-13 02:26 PM
       High: 20.76 | Close: 20.30
       Drop: -2.19% | Above sma10: no
[LABU] 06-13 02:26 PM
       High: 59.69 | Close: 58.16
       Drop: -2.56% | Above sma10: no
[PLTR] 06-13 02:26 PM
       High: 139.32 | Close: 137.73
       Drop: -1.14% | Above sma10: no
[HOOD] 06-13 02:26 PM
       High: 73.65 | Close: 72.60
       Drop: -1.43% | Above sma10: no
[RIVN] 06-13 02:26 PM
       High: 13.62 | Close: 13.44
       Drop: -1.29% | Above sma10: no
[TSLA] 06-13 02:26 PM
       High: 332.99 | Close: 327.38
       Drop: -1.69% | Above sma10: no
[HIMS] 06-13 02:26 PM
       High: 56.71 | Close: 55.71
       Drop: -1.76% | Above sma10: no
[RIOT] 06-13 02:26 PM
       High: 9.75 | Close: 9.59
       Drop: -1.64% | Above sma10: no
[COIN] 06-13 02:26 PM
       High: 241.79 | Close: 238.78
       Drop: -1.24% | Above sma10: no
[SOFI] 06-13 02:26 PM
       High: 14.26 | Close: 14.08
       Drop: -1.26% | Above sma10: no
[MARA] 06-13 02:27 PM
       High: 14.96 | Close: 14.64
       Drop: -2.14% | Above sma10: no
[SOXL] 06-13 02:27 PM
       High: 20.76 | Close: 20.25
       Drop: -2.46% | Above sma10: no
[TSLA] 06-13 02:27 PM
       High: 332.99 | Close: 326.69
       Drop: -1.89% | Above sma10: no
[PLTR] 06-13 02:27 PM
       High: 139.32 | Close: 137.47
       Drop: -1.33% | Above sma10: no
[HOOD] 06-13 02:27 PM
       High: 73.65 | Close: 72.48
       Drop: -1.59% | Above sma10: no
[SHOP] 06-13 02:27 PM
       High: 106.75 | Close: 105.81
       Drop: -0.88% | Above sma10: no
[HIMS] 06-13 02:27 PM
       High: 56.71 | Close: 55.70
       Drop: -1.79% | Above sma10: no
[AI] 06-13 02:27 PM
       High: 23.99 | Close: 23.74
       Drop: -1.04% | Above sma10: no
[RIOT] 06-13 02:27 PM
       High: 9.75 | Close: 9.58
       Drop: -1.74% | Above sma10: no
[SOFI] 06-13 02:27 PM
       High: 14.26 | Close: 14.05
       Drop: -1.47% | Above sma10: no
[RIVN] 06-13 02:27 PM
       High: 13.62 | Close: 13.44
       Drop: -1.29% | Above sma10: no
[PLTR] 06-13 02:28 PM
       High: 139.32 | Close: 137.48
       Drop: -1.32% | Above sma10: no
[TSLA] 06-13 02:28 PM
       High: 332.99 | Close: 326.92
       Drop: -1.82% | Above sma10: no
[SHOP] 06-13 02:28 PM
       High: 106.75 | Close: 105.73
       Drop: -0.96% | Above sma10: no
[SOXL] 06-13 02:28 PM
       High: 20.76 | Close: 20.24
       Drop: -2.50% | Above sma10: no
[HIMS] 06-13 02:28 PM
       High: 56.71 | Close: 55.67
       Drop: -1.83% | Above sma10: no
[HOOD] 06-13 02:28 PM
       High: 73.65 | Close: 72.56
       Drop: -1.49% | Above sma10: no
[MARA] 06-13 02:28 PM
       High: 14.96 | Close: 14.64
       Drop: -2.11% | Above sma10: no
[COIN] 06-13 02:28 PM
       High: 241.79 | Close: 238.63
       Drop: -1.30% | Above sma10: no
[AI] 06-13 02:28 PM
       High: 23.99 | Close: 23.74
       Drop: -1.04% | Above sma10: no
[RIOT] 06-13 02:28 PM
       High: 9.75 | Close: 9.57
       Drop: -1.85% | Above sma10: no
[RIVN] 06-13 02:28 PM
       High: 13.62 | Close: 13.43
       Drop: -1.36% | Above sma10: no
[SOFI] 06-13 02:28 PM
       High: 14.26 | Close: 14.05
       Drop: -1.44% | Above sma10: no
[SOFI] 06-13 02:29 PM
       High: 14.26 | Close: 14.04
       Drop: -1.53% | Above sma10: no
[RIOT] 06-13 02:29 PM
       High: 9.75 | Close: 9.57
       Drop: -1.85% | Above sma10: no
[SHOP] 06-13 02:29 PM
       High: 106.75 | Close: 105.67
       Drop: -1.01% | Above sma10: no
[TSLA] 06-13 02:29 PM
       High: 332.99 | Close: 326.88
       Drop: -1.83% | Above sma10: no
[HOOD] 06-13 02:29 PM
       High: 73.65 | Close: 72.60
       Drop: -1.43% | Above sma10: no
[SOXL] 06-13 02:29 PM
       High: 20.76 | Close: 20.23
       Drop: -2.55% | Above sma10: no
[AI] 06-13 02:29 PM
       High: 23.99 | Close: 23.73
       Drop: -1.08% | Above sma10: no
[MARA] 06-13 02:29 PM
       High: 14.96 | Close: 14.65
       Drop: -2.07% | Above sma10: no
[COIN] 06-13 02:29 PM
       High: 241.79 | Close: 238.69
       Drop: -1.28% | Above sma10: no
[PLTR] 06-13 02:29 PM
       High: 139.32 | Close: 137.45
       Drop: -1.34% | Above sma10: no
[RIVN] 06-13 02:29 PM
       High: 13.62 | Close: 13.44
       Drop: -1.29% | Above sma10: no
[HIMS] 06-13 02:29 PM
       High: 56.71 | Close: 55.56
       Drop: -2.03% | Above sma10: no
[AI] 06-13 02:30 PM
       High: 23.99 | Close: 23.73
       Drop: -1.08% | Above sma10: no
[HIMS] 06-13 02:30 PM
       High: 56.71 | Close: 55.62
       Drop: -1.92% | Above sma10: no
[RIVN] 06-13 02:30 PM
       High: 13.62 | Close: 13.44
       Drop: -1.32% | Above sma10: no
[TSLA] 06-13 02:30 PM
       High: 332.99 | Close: 326.32
       Drop: -2.00% | Above sma10: no
[SHOP] 06-13 02:30 PM
       High: 106.75 | Close: 105.63
       Drop: -1.05% | Above sma10: no
[SOXL] 06-13 02:30 PM
       High: 20.76 | Close: 20.21
       Drop: -2.65% | Above sma10: no
[HOOD] 06-13 02:30 PM
       High: 73.65 | Close: 72.60
       Drop: -1.43% | Above sma10: no
[PLTR] 06-13 02:30 PM
       High: 139.32 | Close: 137.54
       Drop: -1.28% | Above sma10: no
[SOFI] 06-13 02:30 PM
       High: 14.25 | Close: 14.04
       Drop: -1.47% | Above sma10: no
[RIOT] 06-13 02:30 PM
       High: 9.75 | Close: 9.59
       Drop: -1.69% | Above sma10: no
[MARA] 06-13 02:30 PM
       High: 14.96 | Close: 14.67
       Drop: -1.94% | Above sma10: no
[HOOD] 06-13 02:31 PM
       High: 73.65 | Close: 72.40
       Drop: -1.70% | Above sma10: no
[MARA] 06-13 02:31 PM
       High: 14.96 | Close: 14.63
       Drop: -2.21% | Above sma10: no
[SOFI] 06-13 02:31 PM
       High: 14.25 | Close: 14.04
       Drop: -1.51% | Above sma10: no
[PLTR] 06-13 02:31 PM
       High: 139.32 | Close: 137.23
       Drop: -1.50% | Above sma10: no
[LABU] 06-13 02:31 PM
       High: 59.69 | Close: 57.80
       Drop: -3.17% | Above sma10: no
[SOXL] 06-13 02:31 PM
       High: 20.76 | Close: 20.18
       Drop: -2.82% | Above sma10: no
[RIOT] 06-13 02:31 PM
       High: 9.75 | Close: 9.56
       Drop: -1.90% | Above sma10: no
[AI] 06-13 02:31 PM
       High: 23.99 | Close: 23.72
       Drop: -1.13% | Above sma10: no
[COIN] 06-13 02:31 PM
       High: 241.79 | Close: 238.24
       Drop: -1.47% | Above sma10: no
[SHOP] 06-13 02:31 PM
       High: 106.75 | Close: 105.61
       Drop: -1.07% | Above sma10: no
[TSLA] 06-13 02:31 PM
       High: 332.99 | Close: 325.92
       Drop: -2.12% | Above sma10: no
[HIMS] 06-13 02:31 PM
       High: 56.71 | Close: 55.42
       Drop: -2.27% | Above sma10: no
[RIVN] 06-13 02:32 PM
       High: 13.62 | Close: 13.37
       Drop: -1.84% | Above sma10: no
[SOFI] 06-13 02:32 PM
       High: 14.24 | Close: 14.00
       Drop: -1.68% | Above sma10: no
[MARA] 06-13 02:32 PM
       High: 14.96 | Close: 14.61
       Drop: -2.34% | Above sma10: no
[SOXL] 06-13 02:32 PM
       High: 20.76 | Close: 20.10
       Drop: -3.18% | Above sma10: no
[COIN] 06-13 02:32 PM
       High: 241.79 | Close: 238.03
       Drop: -1.56% | Above sma10: no
[SHOP] 06-13 02:32 PM
       High: 106.75 | Close: 105.45
       Drop: -1.22% | Above sma10: no
[PLTR] 06-13 02:32 PM
       High: 139.32 | Close: 137.03
       Drop: -1.65% | Above sma10: no
[RIOT] 06-13 02:32 PM
       High: 9.75 | Close: 9.54
       Drop: -2.15% | Above sma10: no
[HIMS] 06-13 02:32 PM
       High: 56.71 | Close: 55.38
       Drop: -2.35% | Above sma10: no
[TSLA] 06-13 02:32 PM
       High: 332.99 | Close: 324.83
       Drop: -2.45% | Above sma10: no
[AI] 06-13 02:32 PM
       High: 23.99 | Close: 23.69
       Drop: -1.25% | Above sma10: no
[HOOD] 06-13 02:32 PM
       High: 73.65 | Close: 72.32
       Drop: -1.81% | Above sma10: no
[TSLA] 06-13 02:33 PM
       High: 332.58 | Close: 324.74
       Drop: -2.36% | Above sma10: no
[SHOP] 06-13 02:33 PM
       High: 106.75 | Close: 105.44
       Drop: -1.23% | Above sma10: no
[PLTR] 06-13 02:33 PM
       High: 139.32 | Close: 136.97
       Drop: -1.69% | Above sma10: no
[HIMS] 06-13 02:33 PM
       High: 56.71 | Close: 55.34
       Drop: -2.41% | Above sma10: no
[RIOT] 06-13 02:33 PM
       High: 9.75 | Close: 9.54
       Drop: -2.15% | Above sma10: no
[COIN] 06-13 02:33 PM
       High: 241.79 | Close: 237.90
       Drop: -1.61% | Above sma10: no
[MARA] 06-13 02:33 PM
       High: 14.96 | Close: 14.60
       Drop: -2.41% | Above sma10: no
[AI] 06-13 02:33 PM
       High: 23.99 | Close: 23.70
       Drop: -1.19% | Above sma10: no
[SOFI] 06-13 02:33 PM
       High: 14.24 | Close: 13.98
       Drop: -1.83% | Above sma10: no
[RIVN] 06-13 02:33 PM
       High: 13.62 | Close: 13.37
       Drop: -1.80% | Above sma10: no
[SOXL] 06-13 02:33 PM
       High: 20.76 | Close: 20.09
       Drop: -3.23% | Above sma10: no
[HOOD] 06-13 02:33 PM
       High: 73.65 | Close: 72.27
       Drop: -1.87% | Above sma10: no
[TSLA] 06-13 02:34 PM
       High: 332.58 | Close: 325.00
       Drop: -2.28% | Above sma10: no
[RIVN] 06-13 02:34 PM
       High: 13.62 | Close: 13.38
       Drop: -1.73% | Above sma10: no
[HIMS] 06-13 02:34 PM
       High: 56.71 | Close: 55.41
       Drop: -2.28% | Above sma10: no
[SOFI] 06-13 02:34 PM
       High: 14.23 | Close: 14.00
       Drop: -1.62% | Above sma10: no
[SHOP] 06-13 02:34 PM
       High: 106.75 | Close: 105.57
       Drop: -1.11% | Above sma10: no
[HOOD] 06-13 02:34 PM
       High: 73.65 | Close: 72.32
       Drop: -1.81% | Above sma10: no
[COIN] 06-13 02:34 PM
       High: 241.79 | Close: 238.39
       Drop: -1.41% | Above sma10: no
[PLTR] 06-13 02:34 PM
       High: 139.32 | Close: 137.25
       Drop: -1.49% | Above sma10: no
[SOXL] 06-13 02:34 PM
       High: 20.76 | Close: 20.10
       Drop: -3.18% | Above sma10: no
[AI] 06-13 02:34 PM
       High: 23.99 | Close: 23.69
       Drop: -1.25% | Above sma10: no
[MARA] 06-13 02:34 PM
       High: 14.96 | Close: 14.63
       Drop: -2.21% | Above sma10: no
[HIMS] 06-13 02:35 PM
       High: 56.71 | Close: 55.44
       Drop: -2.24% | Above sma10: no
[PLTR] 06-13 02:35 PM
       High: 139.32 | Close: 137.28
       Drop: -1.46% | Above sma10: no
[COIN] 06-13 02:35 PM
       High: 241.79 | Close: 238.41
       Drop: -1.40% | Above sma10: no
[RIOT] 06-13 02:35 PM
       High: 9.75 | Close: 9.54
       Drop: -2.10% | Above sma10: no
[RIVN] 06-13 02:35 PM
       High: 13.62 | Close: 13.38
       Drop: -1.73% | Above sma10: no
[SOFI] 06-13 02:35 PM
       High: 14.23 | Close: 14.01
       Drop: -1.55% | Above sma10: no
[LABU] 06-13 02:35 PM
       High: 59.69 | Close: 57.40
       Drop: -3.84% | Above sma10: no
[SOXL] 06-13 02:35 PM
       High: 20.76 | Close: 20.04
       Drop: -3.47% | Above sma10: no
[SHOP] 06-13 02:35 PM
       High: 106.75 | Close: 105.61
       Drop: -1.07% | Above sma10: no
[TSLA] 06-13 02:35 PM
       High: 332.58 | Close: 324.73
       Drop: -2.36% | Above sma10: no
[HOOD] 06-13 02:35 PM
       High: 73.65 | Close: 72.31
       Drop: -1.82% | Above sma10: no
[AI] 06-13 02:35 PM
       High: 23.99 | Close: 23.72
       Drop: -1.13% | Above sma10: no
[SOFI] 06-13 02:36 PM
       High: 14.23 | Close: 14.00
       Drop: -1.62% | Above sma10: no
[TSLA] 06-13 02:36 PM
       High: 332.58 | Close: 324.60
       Drop: -2.40% | Above sma10: no
[SOXL] 06-13 02:36 PM
       High: 20.76 | Close: 19.95
       Drop: -3.90% | Above sma10: no
[HIMS] 06-13 02:36 PM
       High: 56.71 | Close: 55.33
       Drop: -2.43% | Above sma10: no
[RIOT] 06-13 02:36 PM
       High: 9.75 | Close: 9.53
       Drop: -2.31% | Above sma10: no
[AI] 06-13 02:36 PM
       High: 23.99 | Close: 23.69
       Drop: -1.25% | Above sma10: no
[MARA] 06-13 02:36 PM
       High: 14.96 | Close: 14.60
       Drop: -2.41% | Above sma10: no
[SHOP] 06-13 02:36 PM
       High: 106.75 | Close: 105.43
       Drop: -1.24% | Above sma10: no
[RIVN] 06-13 02:36 PM
       High: 13.62 | Close: 13.38
       Drop: -1.73% | Above sma10: no
[PLTR] 06-13 02:36 PM
       High: 139.32 | Close: 137.06
       Drop: -1.62% | Above sma10: no
[HOOD] 06-13 02:36 PM
       High: 73.65 | Close: 72.22
       Drop: -1.95% | Above sma10: no
[SOXL] 06-13 02:37 PM
       High: 20.76 | Close: 19.96
       Drop: -3.85% | Above sma10: no
[MARA] 06-13 02:37 PM
       High: 14.96 | Close: 14.62
       Drop: -2.27% | Above sma10: no
[HIMS] 06-13 02:37 PM
       High: 56.71 | Close: 55.34
       Drop: -2.42% | Above sma10: no
[AI] 06-13 02:37 PM
       High: 23.99 | Close: 23.71
       Drop: -1.17% | Above sma10: no
[RIOT] 06-13 02:37 PM
       High: 9.75 | Close: 9.53
       Drop: -2.26% | Above sma10: no
[HOOD] 06-13 02:37 PM
       High: 73.65 | Close: 72.25
       Drop: -1.90% | Above sma10: no
[PLTR] 06-13 02:37 PM
       High: 139.31 | Close: 137.21
       Drop: -1.51% | Above sma10: no
[RIVN] 06-13 02:37 PM
       High: 13.62 | Close: 13.38
       Drop: -1.69% | Above sma10: no
[COIN] 06-13 02:37 PM
       High: 241.79 | Close: 238.01
       Drop: -1.56% | Above sma10: no
[SOFI] 06-13 02:37 PM
       High: 14.23 | Close: 14.02
       Drop: -1.51% | Above sma10: no
[SHOP] 06-13 02:37 PM
       High: 106.75 | Close: 105.50
       Drop: -1.17% | Above sma10: no
[TSLA] 06-13 02:37 PM
       High: 332.58 | Close: 324.61
       Drop: -2.40% | Above sma10: no
[TSLA] 06-13 02:38 PM
       High: 332.58 | Close: 323.88
       Drop: -2.62% | Above sma10: no
[SOFI] 06-13 02:38 PM
       High: 14.22 | Close: 13.99
       Drop: -1.65% | Above sma10: no
[RIOT] 06-13 02:38 PM
       High: 9.75 | Close: 9.52
       Drop: -2.41% | Above sma10: no
[AI] 06-13 02:38 PM
       High: 23.99 | Close: 23.70
       Drop: -1.21% | Above sma10: no
[COIN] 06-13 02:38 PM
       High: 241.79 | Close: 237.63
       Drop: -1.72% | Above sma10: no
[RIVN] 06-13 02:38 PM
       High: 13.62 | Close: 13.37
       Drop: -1.80% | Above sma10: no
[HIMS] 06-13 02:38 PM
       High: 56.71 | Close: 55.27
       Drop: -2.54% | Above sma10: no
[SHOP] 06-13 02:38 PM
       High: 106.75 | Close: 105.43
       Drop: -1.24% | Above sma10: no
[SOXL] 06-13 02:38 PM
       High: 20.76 | Close: 19.96
       Drop: -3.85% | Above sma10: no
[HOOD] 06-13 02:38 PM
       High: 73.65 | Close: 72.14
       Drop: -2.05% | Above sma10: no
[LABU] 06-13 02:38 PM
       High: 59.69 | Close: 57.30
       Drop: -4.00% | Above sma10: no
[PLTR] 06-13 02:38 PM
       High: 139.30 | Close: 136.98
       Drop: -1.67% | Above sma10: no
[MARA] 06-13 02:38 PM
       High: 14.96 | Close: 14.59
       Drop: -2.51% | Above sma10: no
[SOFI] 06-13 02:39 PM
       High: 14.22 | Close: 13.99
       Drop: -1.65% | Above sma10: no
[MARA] 06-13 02:39 PM
       High: 14.96 | Close: 14.59
       Drop: -2.47% | Above sma10: no
[SOXL] 06-13 02:39 PM
       High: 20.76 | Close: 19.93
       Drop: -4.00% | Above sma10: no
[HIMS] 06-13 02:39 PM
       High: 56.71 | Close: 55.30
       Drop: -2.49% | Above sma10: no
[RIVN] 06-13 02:39 PM
       High: 13.62 | Close: 13.37
       Drop: -1.80% | Above sma10: no
[HOOD] 06-13 02:39 PM
       High: 73.65 | Close: 72.11
       Drop: -2.10% | Above sma10: no
[AI] 06-13 02:39 PM
       High: 23.99 | Close: 23.70
       Drop: -1.21% | Above sma10: no
[TSLA] 06-13 02:39 PM
       High: 332.58 | Close: 323.81
       Drop: -2.64% | Above sma10: no
[RIOT] 06-13 02:39 PM
       High: 9.75 | Close: 9.52
       Drop: -2.41% | Above sma10: no
[PLTR] 06-13 02:39 PM
       High: 139.30 | Close: 136.94
       Drop: -1.69% | Above sma10: no
[PLTR] 06-13 02:40 PM
       High: 139.10 | Close: 137.13
       Drop: -1.42% | Above sma10: yes
[HIMS] 06-13 02:40 PM
       High: 56.71 | Close: 55.33
       Drop: -2.44% | Above sma10: no
[COIN] 06-13 02:40 PM
       High: 241.79 | Close: 237.84
       Drop: -1.63% | Above sma10: no
[SOFI] 06-13 02:40 PM
       High: 14.22 | Close: 14.03
       Drop: -1.37% | Above sma10: yes
[RIVN] 06-13 02:40 PM
       High: 13.62 | Close: 13.38
       Drop: -1.73% | Above sma10: no
[AI] 06-13 02:40 PM
       High: 23.99 | Close: 23.70
       Drop: -1.21% | Above sma10: no
[SHOP] 06-13 02:40 PM
       High: 106.75 | Close: 105.46
       Drop: -1.21% | Above sma10: no
[TSLA] 06-13 02:40 PM
       High: 332.58 | Close: 324.35
       Drop: -2.47% | Above sma10: no
[RIOT] 06-13 02:40 PM
       High: 9.75 | Close: 9.51
       Drop: -2.46% | Above sma10: no
[HOOD] 06-13 02:40 PM
       High: 73.65 | Close: 72.22
       Drop: -1.94% | Above sma10: no
[SOXL] 06-13 02:40 PM
       High: 20.76 | Close: 19.95
       Drop: -3.88% | Above sma10: no
[MARA] 06-13 02:40 PM
       High: 14.96 | Close: 14.59
       Drop: -2.47% | Above sma10: no
[AI] 06-13 02:41 PM
       High: 23.99 | Close: 23.72
       Drop: -1.13% | Above sma10: yes
[SHOP] 06-13 02:41 PM
       High: 106.75 | Close: 105.42
       Drop: -1.25% | Above sma10: no
[HOOD] 06-13 02:41 PM
       High: 73.65 | Close: 72.28
       Drop: -1.85% | Above sma10: yes
[HIMS] 06-13 02:41 PM
       High: 56.71 | Close: 55.38
       Drop: -2.35% | Above sma10: yes
[PLTR] 06-13 02:41 PM
       High: 139.09 | Close: 136.97
       Drop: -1.52% | Above sma10: no
[COIN] 06-13 02:41 PM
       High: 241.79 | Close: 238.47
       Drop: -1.37% | Above sma10: yes
[MARA] 06-13 02:41 PM
       High: 14.96 | Close: 14.59
       Drop: -2.47% | Above sma10: no
[RIOT] 06-13 02:41 PM
       High: 9.75 | Close: 9.52
       Drop: -2.36% | Above sma10: no
[TSLA] 06-13 02:41 PM
       High: 332.58 | Close: 324.41
       Drop: -2.46% | Above sma10: no
[SOFI] 06-13 02:41 PM
       High: 14.22 | Close: 14.02
       Drop: -1.41% | Above sma10: yes
[SOXL] 06-13 02:41 PM
       High: 20.76 | Close: 19.93
       Drop: -4.00% | Above sma10: no
[RIVN] 06-13 02:41 PM
       High: 13.62 | Close: 13.37
       Drop: -1.80% | Above sma10: no
[HIMS] 06-13 02:42 PM
       High: 56.71 | Close: 55.44
       Drop: -2.24% | Above sma10: yes
[MARA] 06-13 02:42 PM
       High: 14.96 | Close: 14.60
       Drop: -2.44% | Above sma10: no
[HOOD] 06-13 02:42 PM
       High: 73.65 | Close: 72.24
       Drop: -1.91% | Above sma10: yes
[SOFI] 06-13 02:42 PM
       High: 14.22 | Close: 14.04
       Drop: -1.30% | Above sma10: yes
[RIVN] 06-13 02:42 PM
       High: 13.62 | Close: 13.38
       Drop: -1.73% | Above sma10: yes
[PLTR] 06-13 02:42 PM
       High: 139.05 | Close: 137.20
       Drop: -1.33% | Above sma10: yes
[SOXL] 06-13 02:42 PM
       High: 20.76 | Close: 19.96
       Drop: -3.85% | Above sma10: no
[COIN] 06-13 02:42 PM
       High: 241.79 | Close: 238.35
       Drop: -1.42% | Above sma10: yes
[RIOT] 06-13 02:42 PM
       High: 9.75 | Close: 9.51
       Drop: -2.46% | Above sma10: no
[SHOP] 06-13 02:42 PM
       High: 106.75 | Close: 105.41
       Drop: -1.26% | Above sma10: no
[TSLA] 06-13 02:42 PM
       High: 332.58 | Close: 324.30
       Drop: -2.49% | Above sma10: no
[HIMS] 06-13 02:43 PM
       High: 56.71 | Close: 55.30
       Drop: -2.49% | Above sma10: no
[PLTR] 06-13 02:43 PM
       High: 139.03 | Close: 137.08
       Drop: -1.40% | Above sma10: no
[TSLA] 06-13 02:43 PM
       High: 332.58 | Close: 324.39
       Drop: -2.46% | Above sma10: no
[SOFI] 06-13 02:43 PM
       High: 14.22 | Close: 14.04
       Drop: -1.27% | Above sma10: yes
[SHOP] 06-13 02:43 PM
       High: 106.75 | Close: 105.33
       Drop: -1.33% | Above sma10: no
[SOXL] 06-13 02:43 PM
       High: 20.76 | Close: 19.97
       Drop: -3.81% | Above sma10: no
[RIOT] 06-13 02:43 PM
       High: 9.75 | Close: 9.51
       Drop: -2.46% | Above sma10: no
[MARA] 06-13 02:43 PM
       High: 14.96 | Close: 14.58
       Drop: -2.54% | Above sma10: no
[HOOD] 06-13 02:43 PM
       High: 73.65 | Close: 72.16
       Drop: -2.02% | Above sma10: no
[COIN] 06-13 02:43 PM
       High: 241.79 | Close: 238.48
       Drop: -1.37% | Above sma10: yes
[HIMS] 06-13 02:44 PM
       High: 56.71 | Close: 55.31
       Drop: -2.47% | Above sma10: no
[RIOT] 06-13 02:44 PM
       High: 9.75 | Close: 9.53
       Drop: -2.26% | Above sma10: yes
[SOFI] 06-13 02:44 PM
       High: 14.22 | Close: 14.03
       Drop: -1.34% | Above sma10: yes
[PLTR] 06-13 02:44 PM
       High: 138.96 | Close: 137.08
       Drop: -1.35% | Above sma10: no
[SHOP] 06-13 02:44 PM
       High: 106.75 | Close: 105.28
       Drop: -1.38% | Above sma10: no
[HOOD] 06-13 02:44 PM
       High: 73.65 | Close: 72.22
       Drop: -1.94% | Above sma10: yes
[TSLA] 06-13 02:44 PM
       High: 332.58 | Close: 324.08
       Drop: -2.56% | Above sma10: no
[SOXL] 06-13 02:44 PM
       High: 20.76 | Close: 20.00
       Drop: -3.66% | Above sma10: yes
[COIN] 06-13 02:44 PM
       High: 241.79 | Close: 238.80
       Drop: -1.24% | Above sma10: yes
[RIVN] 06-13 02:44 PM
       High: 13.62 | Close: 13.37
       Drop: -1.80% | Above sma10: no
[MARA] 06-13 02:44 PM
       High: 14.96 | Close: 14.61
       Drop: -2.34% | Above sma10: yes
[AI] 06-13 02:44 PM
       High: 23.99 | Close: 23.73
       Drop: -1.10% | Above sma10: yes
[PLTR] 06-13 02:45 PM
       High: 138.96 | Close: 137.44
       Drop: -1.09% | Above sma10: yes
[HIMS] 06-13 02:45 PM
       High: 56.71 | Close: 55.54
       Drop: -2.06% | Above sma10: yes
[SOXL] 06-13 02:45 PM
       High: 20.76 | Close: 20.09
       Drop: -3.23% | Above sma10: yes
[MARA] 06-13 02:45 PM
       High: 14.95 | Close: 14.70
       Drop: -1.67% | Above sma10: yes
[COIN] 06-13 02:45 PM
       High: 241.79 | Close: 239.54
       Drop: -0.93% | Above sma10: yes
[RIOT] 06-13 02:45 PM
       High: 9.75 | Close: 9.56
       Drop: -1.90% | Above sma10: yes
[RIVN] 06-13 02:45 PM
       High: 13.62 | Close: 13.39
       Drop: -1.62% | Above sma10: yes
[TSLA] 06-13 02:45 PM
       High: 332.58 | Close: 325.04
       Drop: -2.27% | Above sma10: yes
[HOOD] 06-13 02:45 PM
       High: 73.65 | Close: 72.38
       Drop: -1.72% | Above sma10: yes
[SOFI] 06-13 02:45 PM
       High: 14.22 | Close: 14.08
       Drop: -0.98% | Above sma10: yes
[AI] 06-13 02:45 PM
       High: 23.99 | Close: 23.77
       Drop: -0.92% | Above sma10: yes
[COIN] 06-13 02:46 PM
       High: 241.79 | Close: 239.61
       Drop: -0.90% | Above sma10: yes
[AI] 06-13 02:46 PM
       High: 23.99 | Close: 23.77
       Drop: -0.92% | Above sma10: yes
[RIOT] 06-13 02:46 PM
       High: 9.75 | Close: 9.57
       Drop: -1.79% | Above sma10: yes
[RIVN] 06-13 02:46 PM
       High: 13.62 | Close: 13.41
       Drop: -1.51% | Above sma10: yes
[HIMS] 06-13 02:46 PM
       High: 56.71 | Close: 55.48
       Drop: -2.18% | Above sma10: yes
[SOXL] 06-13 02:46 PM
       High: 20.76 | Close: 20.05
       Drop: -3.42% | Above sma10: yes
[TSLA] 06-13 02:46 PM
       High: 332.58 | Close: 324.75
       Drop: -2.35% | Above sma10: yes
[SOFI] 06-13 02:46 PM
       High: 14.22 | Close: 14.08
       Drop: -0.98% | Above sma10: yes
[PLTR] 06-13 02:46 PM
       High: 138.96 | Close: 137.57
       Drop: -1.00% | Above sma10: yes
[MARA] 06-13 02:46 PM
       High: 14.95 | Close: 14.71
       Drop: -1.61% | Above sma10: yes
[HOOD] 06-13 02:46 PM
       High: 73.65 | Close: 72.38
       Drop: -1.73% | Above sma10: yes
[SHOP] 06-13 02:46 PM
       High: 106.75 | Close: 105.42
       Drop: -1.25% | Above sma10: no
[SOFI] 06-13 02:47 PM
       High: 14.22 | Close: 14.06
       Drop: -1.09% | Above sma10: yes
[SHOP] 06-13 02:47 PM
       High: 106.75 | Close: 105.29
       Drop: -1.37% | Above sma10: no
[RIOT] 06-13 02:47 PM
       High: 9.75 | Close: 9.55
       Drop: -2.05% | Above sma10: yes
[HOOD] 06-13 02:47 PM
       High: 73.65 | Close: 72.30
       Drop: -1.84% | Above sma10: yes
[HIMS] 06-13 02:47 PM
       High: 56.71 | Close: 55.36
       Drop: -2.38% | Above sma10: no
[AI] 06-13 02:47 PM
       High: 23.99 | Close: 23.74
       Drop: -1.04% | Above sma10: yes
[PLTR] 06-13 02:47 PM
       High: 138.96 | Close: 137.38
       Drop: -1.14% | Above sma10: yes
[RIVN] 06-13 02:47 PM
       High: 13.62 | Close: 13.41
       Drop: -1.51% | Above sma10: yes
[COIN] 06-13 02:47 PM
       High: 241.79 | Close: 239.31
       Drop: -1.03% | Above sma10: yes
[SOXL] 06-13 02:47 PM
       High: 20.76 | Close: 20.01
       Drop: -3.61% | Above sma10: yes
[TSLA] 06-13 02:47 PM
       High: 332.58 | Close: 324.50
       Drop: -2.43% | Above sma10: yes
[MARA] 06-13 02:47 PM
       High: 14.95 | Close: 14.68
       Drop: -1.77% | Above sma10: yes
[MARA] 06-13 02:48 PM
       High: 14.93 | Close: 14.65
       Drop: -1.88% | Above sma10: yes
[HOOD] 06-13 02:48 PM
       High: 73.65 | Close: 72.33
       Drop: -1.80% | Above sma10: yes
[COIN] 06-13 02:48 PM
       High: 241.79 | Close: 239.38
       Drop: -1.00% | Above sma10: yes
[HIMS] 06-13 02:48 PM
       High: 56.71 | Close: 55.36
       Drop: -2.38% | Above sma10: no
[SHOP] 06-13 02:48 PM
       High: 106.75 | Close: 105.28
       Drop: -1.38% | Above sma10: no
[SOXL] 06-13 02:48 PM
       High: 20.76 | Close: 19.99
       Drop: -3.71% | Above sma10: yes
[AI] 06-13 02:48 PM
       High: 23.99 | Close: 23.73
       Drop: -1.10% | Above sma10: no
[RIOT] 06-13 02:48 PM
       High: 9.74 | Close: 9.54
       Drop: -2.00% | Above sma10: yes
[RIVN] 06-13 02:48 PM
       High: 13.62 | Close: 13.40
       Drop: -1.54% | Above sma10: yes
[PLTR] 06-13 02:48 PM
       High: 138.96 | Close: 137.36
       Drop: -1.15% | Above sma10: yes
[TSLA] 06-13 02:48 PM
       High: 332.58 | Close: 324.41
       Drop: -2.46% | Above sma10: yes
[SOFI] 06-13 02:48 PM
       High: 14.22 | Close: 14.05
       Drop: -1.20% | Above sma10: yes
